Compiling the CXX compiler identification source file "CMakeCXXCompilerId.cpp" failed.
Compiler: /usr/local/opt/llvm/bin/clang++ 
Build flags: 
Id flags:  

The output was:
1
ld: library not found for -lc++
clang-11: error: linker command failed with exit code 1 (use -v to see invocation)


Detecting CXX compiler ABI info failed to compile with the following output:
Change Dir: /Users/idfumg/1/cmake_tutorials/ws_beast/build/CMakeFiles/CMakeTmp

Run Build Command(s):/usr/bin/make -f Makefile cmTC_b856a/fast && /Library/Developer/CommandLineTools/usr/bin/make  -f CMakeFiles/cmTC_b856a.dir/build.make CMakeFiles/cmTC_b856a.dir/build
Building CXX object CMakeFiles/cmTC_b856a.dir/CMakeCXXCompilerABI.cpp.o
/usr/local/opt/llvm/bin/clang++   -isysroot /Library/Developer/CommandLineTools/SDKs/MacOSX10.15.sdk   -v -Wl,-v -MD -MT CMakeFiles/cmTC_b856a.dir/CMakeCXXCompilerABI.cpp.o -MF CMakeFiles/cmTC_b856a.dir/CMakeCXXCompilerABI.cpp.o.d -o CMakeFiles/cmTC_b856a.dir/CMakeCXXCompilerABI.cpp.o -c /usr/local/Cellar/cmake/3.23.0/share/cmake/Modules/CMakeCXXCompilerABI.cpp
clang version 11.0.0
Target: x86_64-apple-darwin21.4.0
Thread model: posix
InstalledDir: /usr/local/opt/llvm/bin
clang-11: warning: -Wl,-v: 'linker' input unused [-Wunused-command-line-argument]
 (in-process)
 "/usr/local/Cellar/llvm/11.0.0/bin/clang-11" -cc1 -triple x86_64-apple-macosx10.15.0 -Wundef-prefix=TARGET_OS_ -Werror=undef-prefix -Wdeprecated-objc-isa-usage -Werror=deprecated-objc-isa-usage -emit-obj -mrelax-all -disable-free -disable-llvm-verifier -discard-value-names -main-file-name CMakeCXXCompilerABI.cpp -mrelocation-model pic -pic-level 2 -mframe-pointer=all -fno-rounding-math -munwind-tables -target-sdk-version=10.15 -fcompatibility-qualified-id-block-type-checking -target-cpu penryn -debugger-tuning=lldb -target-linker-version 609.7 -v -resource-dir /usr/local/Cellar/llvm/11.0.0/lib/clang/11.0.0 -dependency-file CMakeFiles/cmTC_b856a.dir/CMakeCXXCompilerABI.cpp.o.d -MT CMakeFiles/cmTC_b856a.dir/CMakeCXXCompilerABI.cpp.o -sys-header-deps -isysroot /Library/Developer/CommandLineTools/SDKs/MacOSX10.15.sdk -stdlib=libc++ -internal-isystem /usr/local/opt/llvm/bin/../include/c++/v1 -internal-isystem /Library/Developer/CommandLineTools/SDKs/MacOSX10.15.sdk/usr/include/c++/v1 -internal-isystem /Library/Developer/CommandLineTools/SDKs/MacOSX10.15.sdk/usr/local/include -internal-isystem /usr/local/Cellar/llvm/11.0.0/lib/clang/11.0.0/include -internal-externc-isystem /Library/Developer/CommandLineTools/SDKs/MacOSX10.15.sdk/usr/include -fdeprecated-macro -fdebug-compilation-dir /Users/idfumg/1/cmake_tutorials/ws_beast/build/CMakeFiles/CMakeTmp -ferror-limit 19 -stack-protector 1 -fblocks -fencode-extended-block-signature -fregister-global-dtors-with-atexit -fgnuc-version=4.2.1 -fcxx-exceptions -fexceptions -fmax-type-align=16 -o CMakeFiles/cmTC_b856a.dir/CMakeCXXCompilerABI.cpp.o -x c++ /usr/local/Cellar/cmake/3.23.0/share/cmake/Modules/CMakeCXXCompilerABI.cpp
clang -cc1 version 11.0.0 based upon LLVM 11.0.0 default target x86_64-apple-darwin21.4.0
ignoring nonexistent directory "/Library/Developer/CommandLineTools/SDKs/MacOSX10.15.sdk/usr/include/c++/v1"
ignoring nonexistent directory "/Library/Developer/CommandLineTools/SDKs/MacOSX10.15.sdk/usr/local/include"
ignoring nonexistent directory "/Library/Developer/CommandLineTools/SDKs/MacOSX10.15.sdk/Library/Frameworks"
#include "..." search starts here:
#include <...> search starts here:
 /usr/local/opt/llvm/bin/../include/c++/v1
 /usr/local/Cellar/llvm/11.0.0/lib/clang/11.0.0/include
 /Library/Developer/CommandLineTools/SDKs/MacOSX10.15.sdk/usr/include
 /Library/Developer/CommandLineTools/SDKs/MacOSX10.15.sdk/System/Library/Frameworks (framework directory)
End of search list.
Linking CXX executable cmTC_b856a
/usr/local/Cellar/cmake/3.23.0/bin/cmake -E cmake_link_script CMakeFiles/cmTC_b856a.dir/link.txt --verbose=1
/usr/local/opt/llvm/bin/clang++  -isysroot /Library/Developer/CommandLineTools/SDKs/MacOSX10.15.sdk -Wl,-search_paths_first -Wl,-headerpad_max_install_names  -v -Wl,-v CMakeFiles/cmTC_b856a.dir/CMakeCXXCompilerABI.cpp.o -o cmTC_b856a 
clang version 11.0.0
Target: x86_64-apple-darwin21.4.0
Thread model: posix
InstalledDir: /usr/local/opt/llvm/bin
 "/usr/bin/ld" -demangle -lto_library /usr/local/Cellar/llvm/11.0.0/lib/libLTO.dylib -dynamic -arch x86_64 -platform_version macos 10.15.0 10.15 -syslibroot /Library/Developer/CommandLineTools/SDKs/MacOSX11.0.sdk -o cmTC_b856a -search_paths_first -headerpad_max_install_names -v CMakeFiles/cmTC_b856a.dir/CMakeCXXCompilerABI.cpp.o -lc++ -lSystem /usr/local/Cellar/llvm/11.0.0/lib/clang/11.0.0/lib/darwin/libclang_rt.osx.a
@(#)PROGRAM:ld  PROJECT:ld64-530
BUILD 03:01:58 Nov 15 2019
configured to support archs: armv6 armv7 armv7s arm64 arm64e arm64_32 i386 x86_64 x86_64h armv6m armv7k armv7m armv7em
Library search paths:
Framework search paths:
ld: library not found for -lc++
clang-11: error: linker command failed with exit code 1 (use -v to see invocation)
make[1]: *** [cmTC_b856a] Error 1
make: *** [cmTC_b856a/fast] Error 2




Determining if the CXX compiler works failed with the following output:
Change Dir: /Users/idfumg/1/cmake_tutorials/ws_beast/build/CMakeFiles/CMakeTmp

Run Build Command(s):/usr/bin/make -f Makefile cmTC_c0db1/fast && /Library/Developer/CommandLineTools/usr/bin/make  -f CMakeFiles/cmTC_c0db1.dir/build.make CMakeFiles/cmTC_c0db1.dir/build
Building CXX object CMakeFiles/cmTC_c0db1.dir/testCXXCompiler.cxx.o
/usr/local/opt/llvm/bin/clang++   -isysroot /Library/Developer/CommandLineTools/SDKs/MacOSX10.15.sdk -MD -MT CMakeFiles/cmTC_c0db1.dir/testCXXCompiler.cxx.o -MF CMakeFiles/cmTC_c0db1.dir/testCXXCompiler.cxx.o.d -o CMakeFiles/cmTC_c0db1.dir/testCXXCompiler.cxx.o -c /Users/idfumg/1/cmake_tutorials/ws_beast/build/CMakeFiles/CMakeTmp/testCXXCompiler.cxx
Linking CXX executable cmTC_c0db1
/usr/local/Cellar/cmake/3.23.0/bin/cmake -E cmake_link_script CMakeFiles/cmTC_c0db1.dir/link.txt --verbose=1
/usr/local/opt/llvm/bin/clang++  -isysroot /Library/Developer/CommandLineTools/SDKs/MacOSX10.15.sdk -Wl,-search_paths_first -Wl,-headerpad_max_install_names CMakeFiles/cmTC_c0db1.dir/testCXXCompiler.cxx.o -o cmTC_c0db1 
ld: library not found for -lc++
clang-11: error: linker command failed with exit code 1 (use -v to see invocation)
make[1]: *** [cmTC_c0db1] Error 1
make: *** [cmTC_c0db1/fast] Error 2



